calendarWeekendEventCount
calendarEventsFrecuencyRulesCount
daysOfCalendar
manufacturer
androidVersion
wellStructuredSelfData
emailProvider
emailWellStructured
userAge
bankingActivity
isPhonePrepaid
banksAppsCount
entertainmentAppsCount
investingAppsCount
lifestyleAppsCount
mobileCompanyAppsCount
musicAppsCount
navigationAppsCount
newsAppsCount
paymentsAppsCount
productivityAppsCount
servicesAppsCount
shoppingAppsCount
socialAppsCount
socialSecurityAppsCount
transportationAppsCount
travelAppsCount
totalRelevantInstalledAppsCount
totalInstalledAppsCount
locationCount
daysSinceOldestSms
smsCount
smsOutCount
smsInCount
bankingSmsInCount
creditOffersSmsInCount
debtSmsInCount
digitalLendingSmsInCount
defaultSmsInCount
daysSinceMostRecentSms
daysOfSms
smsUnansweredCount
monetarySmsInCount
secondsBetweenLastSmsAndLoanRequest
prePaidLoansCount
requestedDay
distanceFromClosestLocationToHome
isHomeVerified
distanceBetweenWorkAndHomeLocations
workAndHomeAddressAreTheSame
debtSmsInRatio
debtSmsInGlobalCount
digitalLendingSmsInRatio
digitalLendingSmsInGlobalCount
digitalLendingInstalledAppsSmsMatch
digitalLendingSmsInstalledAppsMatch
calendarPaymentRemindersCount
declinedLoanRequestsSmsInCount
declinedLoanRequestsSmsInGlobalCount
digitalLendingAppsCount
isBusinessEmail
workingLivingType
highEducationLevel
incomeIsConsistent
distinctUUIDSUsedToLogin
someoneTriedToUseHisCURPToSignup
disbursedLoansSmsInCount
debtAmountFromSmsIn
paidLoansSmsInCount
debtAmountFromSmsInIncomeRatio
browsingAppsCount
workType
civilStatus
workAppsCount
previousLoanDaysLate
workingHoursPerDay
workingHoursPerWeek
hasBankStatement
minutesFromSignupToFirstAccepted
previousLoanPaymentMonthDay
previousLoanWasPrePaid
minutesFromPaymentToSecondLoan
distinctUUIDInstallations
uuidChanges
paymentMethodIsWireTransferConsistent
hasInstalledCashcash
hasInstalledCredifranco
hasInstalledCredilikeme
estimatedDebtAmount
estimatedDebtAmountIncomeRatio
debtAmountDifference
accumulatedPaidInterest
accumulatedPaidInterestIncomeRatio
selfieIsNaked
shorterThanDayEventsAvgDuration
longerThanDayEventsAvgDuration
longerThanDayEventsCount
longerThanDayEventsRatio
mondayEventsRatio
tuesdayEventsRatio
wednesdayEventsRatio
fridayEventsRatio
saturdayEventsRatio
nightimeEventsRatio
morningEventsRatio
afternoonEventsRatio
eveningEventsRatio
daytimeEventsRatio
nightimeEventsCount
morningEventsCount
afternoonEventsCount
eveningEventsCount
daytimeEventsCount
mondaySmsRatio
tuesdaySmsRatio
wednesdaySmsRatio
thursdaySmsRatio
fridaySmsRatio
saturdaySmsRatio
sundaySmsRatio
nightimeSmsRatio
morningSmsRatio
afternoonSmsRatio
eveningSmsRatio
daytimeSmsRatio
nightimeSmsCount
morningSmsCount
afternoonSmsCount
eveningSmsCount
daytimeSmsCount
calendarEventsWithLocationCount
calendarEventsWithAlarmCount
calendarEventsWillAttendCount
calendarEventsAttendeesCount
calendarEventsNumberOfAttendeesAvg
calendarEventsAttendeesRelationshipAttendeeCount
calendarEventsAttendeesRelationshipOrganizerCount
calendarEventsAttendeesRelationshipAttendeeRatio
calendarEventsAttendeesRelationshipOrganizerRatio
calendarEventsAttendeesTypeRequiredCount
calendarEventsAttendeesTypeRequiredRatio
calendarEventsAttendeesStatusAcceptedCount
calendarEventsAttendeesStatusAcceptedRatio
calendarEventsAttendeesStatusDeclinedCount
calendarEventsAttendeesStatusDeclinedRatio
calendarEventsAttendeesStatusInvitedCount
calendarEventsAttendeesStatusInvitedRatio
catalogAppsAdventureRatio
catalogAppsArcadeRatio
catalogAppsArtDesignRatio
catalogAppsAutoVehiclesRatio
catalogAppsBooksReferenceRatio
catalogAppsBusinessRatio
catalogAppsEducationRatio
catalogAppsEntertainmentRatio
catalogAppsFinanceRatio
catalogAppsFoodDrinkRatio
catalogAppsHealthFitnessRatio
catalogAppsLifestyleRatio
catalogAppsMapsNavigationRatio
catalogAppsMedicalRatio
catalogAppsMusicAudioRatio
catalogAppsNewsMagazinesRatio
catalogAppsPersonalizationRatio
catalogAppsPhotographyRatio
catalogAppsProductivityRatio
catalogAppsPuzzleRatio
catalogAppsShoppingRatio
catalogAppsSocialRatio
catalogAppsStrategyRatio
catalogAppsTravelLocalRatio
catalogAppsTriviaRatio
catalogAppsVideoPlayersRatio
catalogAppsWeatherRatio
catalogAppsAdventureCount
catalogAppsArcadeCount
catalogAppsArtDesignCount
catalogAppsAutoVehiclesCount
catalogAppsBooksReferenceCount
catalogAppsBusinessCount
catalogAppsCommunicationCount
catalogAppsEducationCount
catalogAppsEntertainmentCount
catalogAppsFinanceCount
catalogAppsFoodDrinkCount
catalogAppsHealthFitnessCount
catalogAppsLifestyleCount
catalogAppsMapsNavigationCount
catalogAppsMedicalCount
catalogAppsMusicAudioCount
catalogAppsNewsMagazinesCount
catalogAppsnotIndexedCount
catalogAppsPersonalizationCount
catalogAppsPhotographyCount
catalogAppsProductivityCount
catalogAppsPuzzleCount
catalogAppsShoppingCount
catalogAppsSocialCount
catalogAppsStrategyCount
catalogAppsToolsCount
catalogAppsTravelLocalCount
catalogAppsTriviaCount
catalogAppsWeatherCount
deviceModelCurrentPrice
loanTimeBetweenStandbyAndPreauthorized
previousLoanTimeBetweenStandbyAndPreauthorized
previousLoanTimeBetweenAuthorizedAndAccepted
userProvidedWorkAddressExtNumMatchesIntNum
catalogAppsIndexedCount
hasInstalledPaay
previousLoanDisbursementMethodBank
disbursementMethodsCount
catalogAppsGamingCount
banksAppsCountRecalculated
investingAppsCountRecalculated
mobileCompanyAppsCountRecalculated
paymentsAppsCountRecalculated
servicesAppsCountRecalculated
socialSecurityAppsCountRecalculated
digitalLendingAppsCountRecalculated
browsingAppsCountRecalculated
workAppsCountRecalculated
banksAppsRatio
investingAppsRatio
mobileCompanyAppsRatio
paymentsAppsRatio
servicesAppsRatio
socialSecurityAppsRatio
digitalLendingAppsRatio
browsingAppsRatio
workAppsRatio
uploadedDocumentCount
phoneAreaWorkAddressDistance
nlpWorkSectorLabel
previousLoanWasExtended
loanAmountWorkIncomeRatio
userProvidedPhoneLineTenureInMonths
pastDueOver24HLoansCount
nlpDefaultSmsInCount
nlpDefaultSmsInCountLast15Days
nlpDefaultSmsInCountLast30Days
nlpDefaultSmsInCountLast45Days
nlpDefaultSmsInCountLast60Days
nlpDefaultSmsInCountLast90Days
nlpDefaultSmsInCountLast180Days
nlpDigitalLendingDefaultSmsInCount
nlpDigitalLendingDefaultSmsInCountLast15Days
nlpDigitalLendingDefaultSmsInCountLast30Days
nlpDigitalLendingDefaultSmsInCountLast45Days
nlpDigitalLendingDefaultSmsInCountLast60Days
nlpDigitalLendingDefaultSmsInCountLast90Days
nlpDigitalLendingDefaultSmsInCountLast180Days
nlpBankingDefaultSmsInCount
nlpBankingDefaultSmsInCountLast60Days
nlpBankingDefaultSmsInCountLast90Days
nlpBankingDefaultSmsInCountLast180Days
nlpUtilitiesDefaultSmsInCount
nlpUtilitiesDefaultSmsInCountLast60Days
nlpUtilitiesDefaultSmsInCountLast90Days
nlpUtilitiesDefaultSmsInCountLast180Days
nlpUnknownDefaultSmsInCount
nlpUnknownDefaultSmsInCountLast15Days
nlpUnknownDefaultSmsInCountLast30Days
nlpUnknownDefaultSmsInCountLast45Days
nlpUnknownDefaultSmsInCountLast60Days
nlpUnknownDefaultSmsInCountLast90Days
nlpUnknownDefaultSmsInCountLast180Days
previousLoanNormalizedScore
smsDistinctThreadCount
previousLoanPaymentsCount
educationLevelIsVerified
disbursedAuthorizedRatio
nlpDefaultSmsInCountBetween15And30DaysFromRequest
nlpDefaultSmsInCountBetween15And45DaysFromRequest
nlpDigitalLendingDefaultSmsInCountBetween15And30DaysFromRequest
nlpDigitalLendingDefaultSmsInCountBetween15And45DaysFromRequest
nlpDefaultSmsInCountBetween45And90DaysFromRequest
nlpDefaultSmsInCountMoreThan90DaysFromRequest
nlpDigitalLendingDefaultSmsInCountMoreThan90DaysFromRequest
nlpBankingDefaultSmsInCountBetween15And45DaysFromRequest
nlpBankingDefaultSmsInCountBetween45And90DaysFromRequest
nlpBankingDefaultSmsInCountMoreThan90DaysFromRequest
nlpUtilitiesDefaultSmsInCountBetween15And45DaysFromRequest
nlpUtilitiesDefaultSmsInCountBetween45And90DaysFromRequest
nlpUtilitiesDefaultSmsInCountMoreThan90DaysFromRequest
nlpUnknownDefaultSmsInCountBetween15And30DaysFromRequest
nlpUnknownDefaultSmsInCountBetween15And45DaysFromRequest
nlpUnknownDefaultSmsInCountMoreThan90DaysFromRequest
calendarEventsWithMeetingLink
calendarEventsWithMeetingLinkRatio
workAddressHomeAddressFieldMatchCountHomeOfficeWorkPlace
workAddressHomeAddressFieldMatchCountOfficeWorkPlace
nipRecoveriesCount
deviceReleasePriceIncomeRatio
deviceCurrentPriceIncomeRatio
incomeRankedByState
totalPopulationAge0To2TrullyGeolocationHomeAddress
totalPopulationAge8To14IlliterateTrullyGeolocationHomeAddress
totalPopulationWithIMSSTrullyGeolocationHomeAddress
totalPopulationWithGovernmentHealthInsuranceTrullyGeolocationHomeAddress
totalPrivateHousingUnitsWithoutDrainageTrullyGeolocationHomeAddress
totalPopulationWithPublicHealthInsuranceTrullyGeolocationHomeAddress
populationAge15To130WithElementaryIncompleteTrullyGeolocationHomeAddress
femalePopulationAge20To24TrullyGeolocationHomeAddress
populationAge15To130WithMiddleSchoolIncompleteTrullyGeolocationHomeAddress
totalSalePropertiesTrullyGeolocationHomeAddress
averageRentalPricePerSquareMeterTrullyGeolocationHomeAddress
malePopulationAge3To130InIndigenousSectorTrullyGeolocationHomeAddress
totalPopulationWithMotorLimitationsTrullyGeolocationHomeAddress
malePopulationAge15To130UnableToReadOrWriteTrullyGeolocationHomeAddress
populationAge15To130NeverAttendedSchoolTrullyGeolocationHomeAddress
femalePopulationAge15To130WithMiddleSchoolIncompleteTrullyGeolocationHomeAddress
malePopulationAge15To130WithMiddleSchoolIncompleteTrullyGeolocationHomeAddress
totalPrivateHousingUnitsWithOneBedroomTrullyGeolocationHomeAddress
totalPrivateHousingUnitsWithoutPCOrInternetAccessTrullyGeolocationHomeAddress
averageRateOfReturnTrullyGeolocationHomeAddress
totalPrivateHousingUnitsWithBicycleTrullyGeolocationWorkAddress
totalPopulationAge0To4TrullyGeolocationLocationLog
malePopulationAge0To6TrullyGeolocationLocationLog
totalPopulationAge15To19TrullyGeolocationLocationLog
femalePopulationAge35To39TrullyGeolocationLocationLog
variationInInventoryProductsIPTrullyGeolocationLocationLog
femalePopulationAge0To5TrullyGeolocationLocationLog
totalPopulationWithoutDisabilitiesTrullyGeolocationLocationLog
malePopulationAge3To5NotInSchoolTrullyGeolocationLocationLog
totalPrivateHousingUnits2To25BedroomsTrullyGeolocationLocationLog
totalWorkHoursInCommuteTrullyGeolocationLocationLog
meanIncomeShareOfIncomeGainsTrullyGeolocationLocationLog
differentPropertyTypesTrullyGeolocationLocationLog
privateSoftwareServicesTrullyGeolocationLocationLog
loanStatus
nlpWorkActivityLabelemployedHighSkill
nlpWorkActivityLabelemployedLowSkill
nlpWorkActivityLabelIndependent
nlpWorkActivityLabelgigEconomyWorker
requestedDayNameFriday
requestedDayNameSaturdayWednesday
